0 info it worked if it ends with ok
1 verbose cli [ '/usr/local/bin/node', '/usr/local/bin/npm', 'run', 'buildjs' ]
2 info using npm@4.0.5
3 info using node@v6.6.0
4 verbose run-script [ 'prebuildjs', 'buildjs', 'postbuildjs' ]
5 info lifecycle Craft-Bourbon-Sass-Boilerplate@1.0.0~prebuildjs: Craft-Bourbon-Sass-Boilerplate@1.0.0
6 silly lifecycle Craft-Bourbon-Sass-Boilerplate@1.0.0~prebuildjs: no script for prebuildjs, continuing
7 info lifecycle Craft-Bourbon-Sass-Boilerplate@1.0.0~buildjs: Craft-Bourbon-Sass-Boilerplate@1.0.0
8 verbose lifecycle Craft-Bourbon-Sass-Boilerplate@1.0.0~buildjs: unsafe-perm in lifecycle true
9 verbose lifecycle Craft-Bourbon-Sass-Boilerplate@1.0.0~buildjs: PATH: /usr/local/lib/node_modules/npm/bin/node-gyp-bin:/Users/seokj/Desktop/current_project/sunoco/Craft-Bourbon-Sass-Boilerplate/node_modules/.bin:/usr/local/sbin:/usr/local/heroku/bin:/usr/local/bin:/usr/local/bin:/usr/local/share/npm/bin:/usr/local/sbin:/usr/local/heroku/bin:/Users/seokj/.rbenv/shims:/usr/local/bin:/usr/bin:/bin:/usr/sbin:/sbin:/usr/local/munki:.:/usr/bin:/bin:/usr/sbin:/sbin:/usr/local/bin:/Users/seokj/.composer/vendor/bin:/Users/seokj/.rvm/bin:/Users/seokj/Documents/gradle-2.12/bin
10 verbose lifecycle Craft-Bourbon-Sass-Boilerplate@1.0.0~buildjs: CWD: /Users/seokj/Desktop/current_project/sunoco/Craft-Bourbon-Sass-Boilerplate
11 silly lifecycle Craft-Bourbon-Sass-Boilerplate@1.0.0~buildjs: Args: [ '-c', './node_modules/grunt/bin/grunt build' ]
12 silly lifecycle Craft-Bourbon-Sass-Boilerplate@1.0.0~buildjs: Returned: code: 3  signal: null
13 info lifecycle Craft-Bourbon-Sass-Boilerplate@1.0.0~buildjs: Failed to exec buildjs script
14 verbose stack Error: Craft-Bourbon-Sass-Boilerplate@1.0.0 buildjs: `./node_modules/grunt/bin/grunt build`
14 verbose stack Exit status 3
14 verbose stack     at EventEmitter.<anonymous> (/usr/local/lib/node_modules/npm/lib/utils/lifecycle.js:279:16)
14 verbose stack     at emitTwo (events.js:106:13)
14 verbose stack     at EventEmitter.emit (events.js:191:7)
14 verbose stack     at ChildProcess.<anonymous> (/usr/local/lib/node_modules/npm/lib/utils/spawn.js:40:14)
14 verbose stack     at emitTwo (events.js:106:13)
14 verbose stack     at ChildProcess.emit (events.js:191:7)
14 verbose stack     at maybeClose (internal/child_process.js:877:16)
14 verbose stack     at Process.ChildProcess._handle.onexit (internal/child_process.js:226:5)
15 verbose pkgid Craft-Bourbon-Sass-Boilerplate@1.0.0
16 verbose cwd /Users/seokj/Desktop/current_project/sunoco/Craft-Bourbon-Sass-Boilerplate
17 error Darwin 16.0.0
18 error argv "/usr/local/bin/node" "/usr/local/bin/npm" "run" "buildjs"
19 error node v6.6.0
20 error npm  v4.0.5
21 error code ELIFECYCLE
22 error Craft-Bourbon-Sass-Boilerplate@1.0.0 buildjs: `./node_modules/grunt/bin/grunt build`
22 error Exit status 3
23 error Failed at the Craft-Bourbon-Sass-Boilerplate@1.0.0 buildjs script './node_modules/grunt/bin/grunt build'.
23 error Make sure you have the latest version of node.js and npm installed.
23 error If you do, this is most likely a problem with the Craft-Bourbon-Sass-Boilerplate package,
23 error not with npm itself.
23 error Tell the author that this fails on your system:
23 error     ./node_modules/grunt/bin/grunt build
23 error You can get information on how to open an issue for this project with:
23 error     npm bugs Craft-Bourbon-Sass-Boilerplate
23 error Or if that isn't available, you can get their info via:
23 error     npm owner ls Craft-Bourbon-Sass-Boilerplate
23 error There is likely additional logging output above.
24 verbose exit [ 1, true ]
